16-Feb-2025 13:45:21.744 INFO [main] org.apache.catalina.startup.VersionLoggerListener.log Server version name:   Apache Tomcat/9.0.99
16-Feb-2025 13:45:21.748 INFO [main] org.apache.catalina.startup.VersionLoggerListener.log Server built:          Feb 4 2025 20:08:08 UTC
16-Feb-2025 13:45:21.748 INFO [main] org.apache.catalina.startup.VersionLoggerListener.log Server version number: 9.0.99.0
16-Feb-2025 13:45:21.748 INFO [main] org.apache.catalina.startup.VersionLoggerListener.log OS Name:               Windows 11
16-Feb-2025 13:45:21.748 INFO [main] org.apache.catalina.startup.VersionLoggerListener.log OS Version:            10.0
16-Feb-2025 13:45:21.748 INFO [main] org.apache.catalina.startup.VersionLoggerListener.log Architecture:          amd64
16-Feb-2025 13:45:21.760 INFO [main] org.apache.catalina.startup.VersionLoggerListener.log Java Home:             C:\Program Files\Java\jdk-23
16-Feb-2025 13:45:21.760 INFO [main] org.apache.catalina.startup.VersionLoggerListener.log JVM Version:           23.0.2+7-58
16-Feb-2025 13:45:21.761 INFO [main] org.apache.catalina.startup.VersionLoggerListener.log JVM Vendor:            Oracle Corporation
16-Feb-2025 13:45:21.761 INFO [main] org.apache.catalina.startup.VersionLoggerListener.log CATALINA_BASE:         C:\Program Files\Apache Software Foundation\apache-tomcat-9.0.99
16-Feb-2025 13:45:21.761 INFO [main] org.apache.catalina.startup.VersionLoggerListener.log CATALINA_HOME:         C:\Program Files\Apache Software Foundation\apache-tomcat-9.0.99
16-Feb-2025 13:45:21.762 INFO [main] org.apache.catalina.startup.VersionLoggerListener.log Command line argument: -Dcatalina.home=C:\Program Files\Apache Software Foundation\apache-tomcat-9.0.99
16-Feb-2025 13:45:21.762 INFO [main] org.apache.catalina.startup.VersionLoggerListener.log Command line argument: -Dcatalina.base=C:\Program Files\Apache Software Foundation\apache-tomcat-9.0.99
16-Feb-2025 13:45:21.762 INFO [main] org.apache.catalina.startup.VersionLoggerListener.log Command line argument: -Dignore.endorsed.dirs=C:\Program Files\Apache Software Foundation\apache-tomcat-9.0.99\endorsed
16-Feb-2025 13:45:21.762 INFO [main] org.apache.catalina.startup.VersionLoggerListener.log Command line argument: -Djava.io.tmpdir=C:\Program Files\Apache Software Foundation\apache-tomcat-9.0.99\temp
16-Feb-2025 13:45:21.762 INFO [main] org.apache.catalina.startup.VersionLoggerListener.log Command line argument: -Djava.util.logging.manager=org.apache.juli.ClassLoaderLogManager
16-Feb-2025 13:45:21.762 INFO [main] org.apache.catalina.startup.VersionLoggerListener.log Command line argument: -Djava.util.logging.config.file=C:\Program Files\Apache Software Foundation\apache-tomcat-9.0.99\conf\logging.properties
16-Feb-2025 13:45:21.763 INFO [main] org.apache.catalina.startup.VersionLoggerListener.log Command line argument: --add-opens=java.base/java.lang=ALL-UNNAMED
16-Feb-2025 13:45:21.763 INFO [main] org.apache.catalina.startup.VersionLoggerListener.log Command line argument: --add-opens=java.base/java.io=ALL-UNNAMED
16-Feb-2025 13:45:21.763 INFO [main] org.apache.catalina.startup.VersionLoggerListener.log Command line argument: --add-opens=java.base/java.util=ALL-UNNAMED
16-Feb-2025 13:45:21.763 INFO [main] org.apache.catalina.startup.VersionLoggerListener.log Command line argument: --add-opens=java.base/java.util.concurrent=ALL-UNNAMED
16-Feb-2025 13:45:21.763 INFO [main] org.apache.catalina.startup.VersionLoggerListener.log Command line argument: --add-opens=java.rmi/sun.rmi.transport=ALL-UNNAMED
16-Feb-2025 13:45:21.764 INFO [main] org.apache.catalina.startup.VersionLoggerListener.log Command line argument: exit
16-Feb-2025 13:45:21.764 INFO [main] org.apache.catalina.startup.VersionLoggerListener.log Command line argument: abort
16-Feb-2025 13:45:21.764 INFO [main] org.apache.catalina.startup.VersionLoggerListener.log Command line argument: -Xms128m
16-Feb-2025 13:45:21.764 INFO [main] org.apache.catalina.startup.VersionLoggerListener.log Command line argument: -Xmx256m
16-Feb-2025 13:45:22.074 INFO [main] org.apache.catalina.core.AprLifecycleListener.lifecycleEvent Loaded Apache Tomcat Native library [1.3.1] using APR version [1.7.4].
16-Feb-2025 13:45:22.074 INFO [main] org.apache.catalina.core.AprLifecycleListener.lifecycleEvent APR capabilities: IPv6 [true], sendfile [true], accept filters [false], random [true], UDS [true].
16-Feb-2025 13:45:22.074 INFO [main] org.apache.catalina.core.AprLifecycleListener.lifecycleEvent APR/OpenSSL configuration: useAprConnector [false], useOpenSSL [true]
16-Feb-2025 13:45:22.081 INFO [main] org.apache.catalina.core.AprLifecycleListener.initializeSSL OpenSSL successfully initialized [OpenSSL 3.0.14 4 Jun 2024]
16-Feb-2025 13:45:22.421 INFO [main] org.apache.coyote.AbstractProtocol.init Initializing ProtocolHandler ["http-nio-8080"]
16-Feb-2025 13:45:22.443 INFO [main] org.apache.catalina.startup.Catalina.load Server initialization in [912] milliseconds
16-Feb-2025 13:45:22.496 INFO [main] org.apache.catalina.core.StandardService.startInternal Starting service [Catalina]
16-Feb-2025 13:45:22.496 INFO [main] org.apache.catalina.core.StandardEngine.startInternal Starting Servlet engine: [Apache Tomcat/9.0.99]
16-Feb-2025 13:45:22.507 INFO [main] org.apache.catalina.startup.HostConfig.deployDirectory Deploying web application directory [C:\Program Files\Apache Software Foundation\apache-tomcat-9.0.99\webapps\docs]
16-Feb-2025 13:45:22.892 INFO [main] org.apache.catalina.startup.HostConfig.deployDirectory Deployment of web application directory [C:\Program Files\Apache Software Foundation\apache-tomcat-9.0.99\webapps\docs] has finished in [385] ms
16-Feb-2025 13:45:22.894 INFO [main] org.apache.catalina.startup.HostConfig.deployDirectory Deploying web application directory [C:\Program Files\Apache Software Foundation\apache-tomcat-9.0.99\webapps\examples]
16-Feb-2025 13:45:25.115 INFO [main] org.apache.catalina.startup.HostConfig.deployDirectory Deployment of web application directory [C:\Program Files\Apache Software Foundation\apache-tomcat-9.0.99\webapps\examples] has finished in [2,222] ms
16-Feb-2025 13:45:25.116 INFO [main] org.apache.catalina.startup.HostConfig.deployDirectory Deploying web application directory [C:\Program Files\Apache Software Foundation\apache-tomcat-9.0.99\webapps\host-manager]
16-Feb-2025 13:45:25.170 INFO [main] org.apache.catalina.startup.HostConfig.deployDirectory Deployment of web application directory [C:\Program Files\Apache Software Foundation\apache-tomcat-9.0.99\webapps\host-manager] has finished in [54] ms
16-Feb-2025 13:45:25.170 INFO [main] org.apache.catalina.startup.HostConfig.deployDirectory Deploying web application directory [C:\Program Files\Apache Software Foundation\apache-tomcat-9.0.99\webapps\manager]
16-Feb-2025 13:45:25.240 INFO [main] org.apache.catalina.startup.HostConfig.deployDirectory Deployment of web application directory [C:\Program Files\Apache Software Foundation\apache-tomcat-9.0.99\webapps\manager] has finished in [70] ms
16-Feb-2025 13:45:25.240 INFO [main] org.apache.catalina.startup.HostConfig.deployDirectory Deploying web application directory [C:\Program Files\Apache Software Foundation\apache-tomcat-9.0.99\webapps\ROOT]
16-Feb-2025 13:45:25.277 INFO [main] org.apache.catalina.startup.HostConfig.deployDirectory Deployment of web application directory [C:\Program Files\Apache Software Foundation\apache-tomcat-9.0.99\webapps\ROOT] has finished in [37] ms
16-Feb-2025 13:45:25.281 INFO [main] org.apache.coyote.AbstractProtocol.start Starting ProtocolHandler ["http-nio-8080"]
16-Feb-2025 13:45:25.309 INFO [main] org.apache.catalina.startup.Catalina.start Server startup in [2865] milliseconds
16-Feb-2025 13:46:12.834 INFO [Thread-2] org.apache.coyote.AbstractProtocol.pause Pausing ProtocolHandler ["http-nio-8080"]
16-Feb-2025 13:46:12.853 INFO [Thread-2] org.apache.catalina.core.StandardService.stopInternal Stopping service [Catalina]
16-Feb-2025 13:46:12.955 INFO [Thread-2] org.apache.coyote.AbstractProtocol.stop Stopping ProtocolHandler ["http-nio-8080"]
16-Feb-2025 13:46:12.971 INFO [Thread-2] org.apache.coyote.AbstractProtocol.destroy Destroying ProtocolHandler ["http-nio-8080"]
16-Feb-2025 21:04:20.116 INFO [main] org.apache.catalina.startup.VersionLoggerListener.log Server version name:   Apache Tomcat/9.0.99
16-Feb-2025 21:04:20.123 INFO [main] org.apache.catalina.startup.VersionLoggerListener.log Server built:          Feb 4 2025 20:08:08 UTC
16-Feb-2025 21:04:20.123 INFO [main] org.apache.catalina.startup.VersionLoggerListener.log Server version number: 9.0.99.0
16-Feb-2025 21:04:20.123 INFO [main] org.apache.catalina.startup.VersionLoggerListener.log OS Name:               Windows 11
16-Feb-2025 21:04:20.123 INFO [main] org.apache.catalina.startup.VersionLoggerListener.log OS Version:            10.0
16-Feb-2025 21:04:20.124 INFO [main] org.apache.catalina.startup.VersionLoggerListener.log Architecture:          amd64
16-Feb-2025 21:04:20.124 INFO [main] org.apache.catalina.startup.VersionLoggerListener.log Java Home:             C:\Program Files\Java\jdk-23
16-Feb-2025 21:04:20.124 INFO [main] org.apache.catalina.startup.VersionLoggerListener.log JVM Version:           23.0.2+7-58
16-Feb-2025 21:04:20.124 INFO [main] org.apache.catalina.startup.VersionLoggerListener.log JVM Vendor:            Oracle Corporation
16-Feb-2025 21:04:20.124 INFO [main] org.apache.catalina.startup.VersionLoggerListener.log CATALINA_BASE:         C:\Program Files\Apache Software Foundation\apache-tomcat-9.0.99
16-Feb-2025 21:04:20.124 INFO [main] org.apache.catalina.startup.VersionLoggerListener.log CATALINA_HOME:         C:\Program Files\Apache Software Foundation\apache-tomcat-9.0.99
16-Feb-2025 21:04:20.142 INFO [main] org.apache.catalina.startup.VersionLoggerListener.log Command line argument: -Dcatalina.home=C:\Program Files\Apache Software Foundation\apache-tomcat-9.0.99
16-Feb-2025 21:04:20.142 INFO [main] org.apache.catalina.startup.VersionLoggerListener.log Command line argument: -Dcatalina.base=C:\Program Files\Apache Software Foundation\apache-tomcat-9.0.99
16-Feb-2025 21:04:20.142 INFO [main] org.apache.catalina.startup.VersionLoggerListener.log Command line argument: -Dignore.endorsed.dirs=C:\Program Files\Apache Software Foundation\apache-tomcat-9.0.99\endorsed
16-Feb-2025 21:04:20.142 INFO [main] org.apache.catalina.startup.VersionLoggerListener.log Command line argument: -Djava.io.tmpdir=C:\Program Files\Apache Software Foundation\apache-tomcat-9.0.99\temp
16-Feb-2025 21:04:20.142 INFO [main] org.apache.catalina.startup.VersionLoggerListener.log Command line argument: -Djava.util.logging.manager=org.apache.juli.ClassLoaderLogManager
16-Feb-2025 21:04:20.143 INFO [main] org.apache.catalina.startup.VersionLoggerListener.log Command line argument: -Djava.util.logging.config.file=C:\Program Files\Apache Software Foundation\apache-tomcat-9.0.99\conf\logging.properties
16-Feb-2025 21:04:20.143 INFO [main] org.apache.catalina.startup.VersionLoggerListener.log Command line argument: --add-opens=java.base/java.lang=ALL-UNNAMED
16-Feb-2025 21:04:20.143 INFO [main] org.apache.catalina.startup.VersionLoggerListener.log Command line argument: --add-opens=java.base/java.io=ALL-UNNAMED
16-Feb-2025 21:04:20.143 INFO [main] org.apache.catalina.startup.VersionLoggerListener.log Command line argument: --add-opens=java.base/java.util=ALL-UNNAMED
16-Feb-2025 21:04:20.143 INFO [main] org.apache.catalina.startup.VersionLoggerListener.log Command line argument: --add-opens=java.base/java.util.concurrent=ALL-UNNAMED
16-Feb-2025 21:04:20.143 INFO [main] org.apache.catalina.startup.VersionLoggerListener.log Command line argument: --add-opens=java.rmi/sun.rmi.transport=ALL-UNNAMED
16-Feb-2025 21:04:20.143 INFO [main] org.apache.catalina.startup.VersionLoggerListener.log Command line argument: exit
16-Feb-2025 21:04:20.143 INFO [main] org.apache.catalina.startup.VersionLoggerListener.log Command line argument: abort
16-Feb-2025 21:04:20.143 INFO [main] org.apache.catalina.startup.VersionLoggerListener.log Command line argument: -Xms128m
16-Feb-2025 21:04:20.143 INFO [main] org.apache.catalina.startup.VersionLoggerListener.log Command line argument: -Xmx256m
16-Feb-2025 21:04:20.280 INFO [main] org.apache.catalina.core.AprLifecycleListener.lifecycleEvent Loaded Apache Tomcat Native library [1.3.1] using APR version [1.7.4].
16-Feb-2025 21:04:20.282 INFO [main] org.apache.catalina.core.AprLifecycleListener.lifecycleEvent APR capabilities: IPv6 [true], sendfile [true], accept filters [false], random [true], UDS [true].
16-Feb-2025 21:04:20.282 INFO [main] org.apache.catalina.core.AprLifecycleListener.lifecycleEvent APR/OpenSSL configuration: useAprConnector [false], useOpenSSL [true]
16-Feb-2025 21:04:20.288 INFO [main] org.apache.catalina.core.AprLifecycleListener.initializeSSL OpenSSL successfully initialized [OpenSSL 3.0.14 4 Jun 2024]
16-Feb-2025 21:04:20.738 INFO [main] org.apache.coyote.AbstractProtocol.init Initializing ProtocolHandler ["http-nio-8080"]
16-Feb-2025 21:04:20.769 INFO [main] org.apache.catalina.startup.Catalina.load Server initialization in [1038] milliseconds
16-Feb-2025 21:04:20.833 INFO [main] org.apache.catalina.core.StandardService.startInternal Starting service [Catalina]
16-Feb-2025 21:04:20.833 INFO [main] org.apache.catalina.core.StandardEngine.startInternal Starting Servlet engine: [Apache Tomcat/9.0.99]
16-Feb-2025 21:04:20.844 INFO [main] org.apache.catalina.startup.HostConfig.deployDirectory Deploying web application directory [C:\Program Files\Apache Software Foundation\apache-tomcat-9.0.99\webapps\docs]
16-Feb-2025 21:04:21.248 INFO [main] org.apache.catalina.startup.HostConfig.deployDirectory Deployment of web application directory [C:\Program Files\Apache Software Foundation\apache-tomcat-9.0.99\webapps\docs] has finished in [405] ms
16-Feb-2025 21:04:21.249 INFO [main] org.apache.catalina.startup.HostConfig.deployDirectory Deploying web application directory [C:\Program Files\Apache Software Foundation\apache-tomcat-9.0.99\webapps\examples]
16-Feb-2025 21:04:23.480 INFO [main] org.apache.catalina.startup.HostConfig.deployDirectory Deployment of web application directory [C:\Program Files\Apache Software Foundation\apache-tomcat-9.0.99\webapps\examples] has finished in [2,231] ms
16-Feb-2025 21:04:23.481 INFO [main] org.apache.catalina.startup.HostConfig.deployDirectory Deploying web application directory [C:\Program Files\Apache Software Foundation\apache-tomcat-9.0.99\webapps\host-manager]
16-Feb-2025 21:04:23.581 INFO [main] org.apache.catalina.startup.HostConfig.deployDirectory Deployment of web application directory [C:\Program Files\Apache Software Foundation\apache-tomcat-9.0.99\webapps\host-manager] has finished in [99] ms
16-Feb-2025 21:04:23.581 INFO [main] org.apache.catalina.startup.HostConfig.deployDirectory Deploying web application directory [C:\Program Files\Apache Software Foundation\apache-tomcat-9.0.99\webapps\manager]
16-Feb-2025 21:04:23.639 INFO [main] org.apache.catalina.startup.HostConfig.deployDirectory Deployment of web application directory [C:\Program Files\Apache Software Foundation\apache-tomcat-9.0.99\webapps\manager] has finished in [58] ms
16-Feb-2025 21:04:23.639 INFO [main] org.apache.catalina.startup.HostConfig.deployDirectory Deploying web application directory [C:\Program Files\Apache Software Foundation\apache-tomcat-9.0.99\webapps\ROOT]
16-Feb-2025 21:04:23.675 INFO [main] org.apache.catalina.startup.HostConfig.deployDirectory Deployment of web application directory [C:\Program Files\Apache Software Foundation\apache-tomcat-9.0.99\webapps\ROOT] has finished in [33] ms
16-Feb-2025 21:04:23.679 INFO [main] org.apache.coyote.AbstractProtocol.start Starting ProtocolHandler ["http-nio-8080"]
16-Feb-2025 21:04:23.737 INFO [main] org.apache.catalina.startup.Catalina.start Server startup in [2967] milliseconds
16-Feb-2025 21:52:47.517 INFO [Thread-2] org.apache.coyote.AbstractProtocol.pause Pausing ProtocolHandler ["http-nio-8080"]
16-Feb-2025 21:52:47.543 INFO [Thread-2] org.apache.catalina.core.StandardService.stopInternal Stopping service [Catalina]
16-Feb-2025 21:52:47.627 INFO [Thread-2] org.apache.coyote.AbstractProtocol.stop Stopping ProtocolHandler ["http-nio-8080"]
16-Feb-2025 21:52:47.650 INFO [Thread-2] org.apache.coyote.AbstractProtocol.destroy Destroying ProtocolHandler ["http-nio-8080"]
